15:25:03.412 [ INFO] maestro.cli.report.TestDebugReporter.logSystemInfo: Debug output path: <project_root>/build/maestro-results/.maestro/tests/2026-03-13_152503
15:25:03.413 [ INFO] MAESTRO.logSystemInfo: ---- System Info ----
15:25:03.413 [ INFO] MAESTRO.logSystemInfo: Maestro Version: 2.0.10
15:25:03.414 [ INFO] MAESTRO.logSystemInfo: CI: Undefined
15:25:03.414 [ INFO] MAESTRO.logSystemInfo: OS Name: Mac OS X
15:25:03.414 [ INFO] MAESTRO.logSystemInfo: OS Version: 26.3
15:25:03.414 [ INFO] MAESTRO.logSystemInfo: Architecture: aarch64
15:25:03.415 [ INFO] MAESTRO.logSystemInfo: Java Version: 23
15:25:03.419 [ INFO] MAESTRO.logSystemInfo: Xcode Version: null
15:25:03.421 [ INFO] MAESTRO.logSystemInfo: Flutter Version: Undefined
15:25:03.424 [ INFO] MAESTRO.logSystemInfo: Flutter Channel: Undefined
15:25:03.424 [ INFO] MAESTRO.logSystemInfo: ---------------------
15:25:03.714 [ INFO] maestro.cli.command.TestCommand.runShardSuite: [shard 1] Selected device <device_id> using port 7001 with execution plan ExecutionPlan(flowsToRun=[<project_root>/.maestro/01_open_and_interact.yaml], sequence=FlowSequence(flows=[], continueOnFailure=true), workspaceConfig=WorkspaceConfig(flows=null, includeTags=null, excludeTags=null, local=null, executionOrder=null, baselineBranch=null, notifications=null, disableRetries=false, platform=PlatformConfiguration(android=AndroidConfiguration(disableAnimations=false), ios=IOSConfiguration(disableAnimations=false, snapshotKeyHonorModalViews=null)), testOutputDir=null))
15:25:03.883 [DEBUG] io.micrometer.common.util.internal.logging.InternalLoggerFactory.newDefaultFactory: Using SLF4J as the default logging framework
15:25:25.055 [ INFO] maestro.cli.runner.TestRunner.runSingle$lambda$0: Running flow 01_open_and_interact.yaml...
15:25:25.080 [ INFO] maestro.Maestro.cachedDeviceInfo_delegate$lambda$0: Getting device info
15:25:25.289 [ INFO] maestro.Maestro.cachedDeviceInfo_delegate$lambda$0: Got device info: DeviceInfo(platform=ANDROID, widthPixels=1080, heightPixels=2340, widthGrid=1080, heightGrid=2340)
15:25:25.317 [ INFO] maestro.cli.runner.MaestroCommandRunner.runCommands$lambda$0: Define variables RUNNING
15:25:25.319 [ INFO] maestro.cli.runner.MaestroCommandRunner.runCommands$lambda$11: Define variables metadata CommandMetadata(numberOfRuns=null, evaluatedCommand=MaestroCommand(defineVariablesCommand=DefineVariablesCommand(env={MAESTRO_FILENAME=01_open_and_interact}, label=null, optional=false)), logMessages=[], insight=Insight(message=, level=NONE), aiReasoning=null, labeledCommand=null)
15:25:25.320 [ INFO] maestro.cli.runner.MaestroCommandRunner.runCommands$lambda$2: Define variables COMPLETED
15:25:25.321 [ INFO] maestro.cli.runner.MaestroCommandRunner.runCommands$lambda$0: Apply configuration RUNNING
15:25:25.321 [ INFO] maestro.cli.runner.MaestroCommandRunner.runCommands$lambda$11: Apply configuration metadata CommandMetadata(numberOfRuns=null, evaluatedCommand=MaestroCommand(applyConfigurationCommand=ApplyConfigurationCommand(config=MaestroConfig(appId=com.example.browsermaestrotesting, name=null, tags=[], ext={}, onFlowStart=null, onFlowComplete=null), label=null, optional=false)), logMessages=[], insight=Insight(message=, level=NONE), aiReasoning=null, labeledCommand=null)
15:25:25.322 [ INFO] maestro.cli.runner.MaestroCommandRunner.runCommands$lambda$2: Apply configuration COMPLETED
15:25:25.323 [ INFO] maestro.cli.runner.MaestroCommandRunner.runCommands$lambda$0: Launch app "com.example.browsermaestrotesting" with clear state RUNNING
15:25:25.324 [ INFO] maestro.cli.runner.MaestroCommandRunner.runCommands$lambda$11: Launch app "com.example.browsermaestrotesting" with clear state metadata CommandMetadata(numberOfRuns=null, evaluatedCommand=MaestroCommand(launchAppCommand=LaunchAppCommand(appId=com.example.browsermaestrotesting, clearState=true, clearKeychain=null, stopApp=null, permissions=null, launchArguments=null, label=null, optional=false)), logMessages=[], insight=Insight(message=, level=NONE), aiReasoning=null, labeledCommand=null)
15:25:25.325 [ INFO] maestro.Maestro.clearAppState: Clearing app state com.example.browsermaestrotesting
15:25:26.031 [ INFO] maestro.Maestro.launchApp: Launching app com.example.browsermaestrotesting
15:25:26.031 [ INFO] maestro.Maestro.launchApp: Stopping com.example.browsermaestrotesting app during launch
15:25:26.252 [ INFO] maestro.cli.runner.MaestroCommandRunner.runCommands$lambda$2: Launch app "com.example.browsermaestrotesting" with clear state COMPLETED
15:25:26.254 [ INFO] maestro.cli.runner.MaestroCommandRunner.runCommands$lambda$0: Tap on "Open external web" RUNNING
15:25:26.259 [ INFO] maestro.cli.runner.MaestroCommandRunner.runCommands$lambda$11: Tap on "Open external web" metadata CommandMetadata(numberOfRuns=null, evaluatedCommand=MaestroCommand(tapOnElementCommand=TapOnElementCommand(selector=ElementSelector(textRegex=Open external web, idRegex=null, size=null, below=null, above=null, leftOf=null, rightOf=null, containsChild=null, containsDescendants=null, traits=null, index=null, enabled=null, optional=false, selected=null, checked=null, focused=null, childOf=null, css=null), retryIfNoChange=false, waitUntilVisible=false, longPress=false, repeat=null, waitToSettleTimeoutMs=null, relativePoint=null, label=null, optional=false)), logMessages=[], insight=Insight(message=, level=NONE), aiReasoning=null, labeledCommand=null)
15:25:27.983 [ INFO] maestro.Maestro.tap-BUbHBYE: Tapping on element:  UiElement(treeNode=TreeNode(attributes={text=Open external web, accessibilityText=, hintText=, ignoreBoundsFiltering=false, resource-id=, clickable=false, bounds=[374,1255][706,1312], enabled=true, focused=false, checked=false, scrollable=false, selected=false, class=android.widget.TextView}, children=[], clickable=false, enabled=true, focused=false, checked=false, selected=false), bounds=Bounds(x=374, y=1255, width=332, height=57))
15:25:29.221 [ INFO] maestro.Maestro.tap-BUbHBYE: Refreshed element
15:25:29.225 [ INFO] maestro.Maestro.hierarchyBasedTap-hbl3e4M: Tapping at (540, 1283) using hierarchy based logic for wait
15:25:29.226 [TRACE] maestro.utils.ScreenshotUtils.takeScreenshot: Taking screenshot to byte array
15:25:29.226 [TRACE] maestro.utils.ScreenshotUtils.takeScreenshot: Taking screenshot to output sink
15:25:30.137 [TRACE] maestro.utils.ScreenshotUtils.takeScreenshot: Taking screenshot to byte array
15:25:30.137 [TRACE] maestro.utils.ScreenshotUtils.takeScreenshot: Taking screenshot to output sink
15:25:30.544 [ INFO] maestro.Maestro.hierarchyBasedTap-hbl3e4M: Screenshots are not different enough (d=0.0)
15:25:30.544 [ INFO] maestro.Maestro.hierarchyBasedTap-hbl3e4M: Nothing changed in the UI.
15:25:30.544 [ INFO] maestro.cli.runner.MaestroCommandRunner.runCommands$lambda$2: Tap on "Open external web" COMPLETED
15:25:30.545 [ INFO] maestro.cli.runner.MaestroCommandRunner.runCommands$lambda$0: Wait for animation to end RUNNING
15:25:30.545 [ INFO] maestro.cli.runner.MaestroCommandRunner.runCommands$lambda$11: Wait for animation to end metadata CommandMetadata(numberOfRuns=null, evaluatedCommand=MaestroCommand(waitForAnimationToEndCommand=WaitForAnimationToEndCommand(timeout=5000, label=null, optional=false)), logMessages=[], insight=Insight(message=, level=NONE), aiReasoning=null, labeledCommand=null)
15:25:30.546 [ INFO] maestro.Maestro.waitForAnimationToEnd: Waiting for animation to end with timeout 5000
15:25:30.546 [TRACE] maestro.utils.ScreenshotUtils.takeScreenshot: Taking screenshot to byte array
15:25:30.546 [TRACE] maestro.utils.ScreenshotUtils.takeScreenshot: Taking screenshot to output sink
15:25:30.846 [TRACE] maestro.utils.ScreenshotUtils.takeScreenshot: Taking screenshot to byte array
15:25:30.847 [TRACE] maestro.utils.ScreenshotUtils.takeScreenshot: Taking screenshot to output sink
15:25:31.235 [ INFO] maestro.cli.runner.MaestroCommandRunner.runCommands$lambda$2: Wait for animation to end COMPLETED
15:25:31.236 [ INFO] maestro.cli.runner.MaestroCommandRunner.runCommands$lambda$0: Assert that "Wikipedia" is visible RUNNING
15:25:31.238 [ INFO] maestro.cli.runner.MaestroCommandRunner.runCommands$lambda$11: Assert that "Wikipedia" is visible metadata CommandMetadata(numberOfRuns=null, evaluatedCommand=MaestroCommand(assertConditionCommand=AssertConditionCommand(condition=Condition(platform=null, visible=ElementSelector(textRegex=Wikipedia, idRegex=null, size=null, below=null, above=null, leftOf=null, rightOf=null, containsChild=null, containsDescendants=null, traits=null, index=null, enabled=null, optional=false, selected=null, checked=null, focused=null, childOf=null, css=null), notVisible=null, scriptCondition=null, label=null), timeout=null, label=null, optional=false)), logMessages=[], insight=Insight(message=, level=NONE), aiReasoning=null, labeledCommand=null)
15:25:34.818 [ INFO] maestro.cli.runner.MaestroCommandRunner.runCommands$lambda$2: Assert that "Wikipedia" is visible COMPLETED
15:25:34.819 [ INFO] maestro.cli.runner.MaestroCommandRunner.runCommands$lambda$0: Scrolling DOWN until "Terms of Use" is visible with speed 40, visibility percentage 100%, timeout 20000 ms, with centering disabled RUNNING
15:25:34.821 [ INFO] maestro.cli.runner.MaestroCommandRunner.runCommands$lambda$11: Scrolling DOWN until "Terms of Use" is visible with speed 40, visibility percentage 100%, timeout 20000 ms, with centering disabled metadata CommandMetadata(numberOfRuns=null, evaluatedCommand=MaestroCommand(scrollUntilVisibleCommand=ScrollUntilVisibleCommand(selector=ElementSelector(textRegex=Terms of Use, idRegex=null, size=null, below=null, above=null, leftOf=null, rightOf=null, containsChild=null, containsDescendants=null, traits=null, index=null, enabled=null, optional=false, selected=null, checked=null, focused=null, childOf=null, css=null), direction=DOWN, scrollDuration=601, visibilityPercentage=100, timeout=20000, waitToSettleTimeoutMs=null, centerElement=false, originalSpeedValue=40, label=null, optional=false)), logMessages=[], insight=Insight(message=, level=NONE), aiReasoning=null, labeledCommand=null)
15:25:35.257 [ INFO] maestro.orchestra.Orchestra.scrollUntilVisible: Scrolling try count: 0, DeviceWidth: 1080, DeviceWidth: 2340
15:25:35.258 [ INFO] maestro.orchestra.Orchestra.scrollUntilVisible: Element bounds: Bounds(x=469, y=2295, width=222, height=0)
15:25:35.258 [ INFO] maestro.orchestra.Orchestra.scrollUntilVisible: Visibility Percent: 0
15:25:35.258 [ INFO] maestro.orchestra.Orchestra.scrollUntilVisible: Command centerElement: ScrollUntilVisibleCommand(selector=ElementSelector(textRegex=Terms of Use, idRegex=null, size=null, below=null, above=null, leftOf=null, rightOf=null, containsChild=null, containsDescendants=null, traits=null, index=null, enabled=null, optional=false, selected=null, checked=null, focused=null, childOf=null, css=null), direction=DOWN, scrollDuration=601, visibilityPercentage=100, timeout=20000, waitToSettleTimeoutMs=null, centerElement=false, originalSpeedValue=40, label=null, optional=false).centerElement
15:25:35.258 [ INFO] maestro.orchestra.Orchestra.scrollUntilVisible: visibilityPercentageNormalized: 1.0
15:25:35.295 [ INFO] maestro.Maestro.swipeFromCenter: Swiping UP from center
15:25:37.769 [ INFO] maestro.orchestra.Orchestra.scrollUntilVisible: Scrolling try count: 0, DeviceWidth: 1080, DeviceWidth: 2340
15:25:37.769 [ INFO] maestro.orchestra.Orchestra.scrollUntilVisible: Element bounds: Bounds(x=469, y=2295, width=222, height=0)
15:25:37.770 [ INFO] maestro.orchestra.Orchestra.scrollUntilVisible: Visibility Percent: 0
15:25:37.770 [ INFO] maestro.orchestra.Orchestra.scrollUntilVisible: Command centerElement: ScrollUntilVisibleCommand(selector=ElementSelector(textRegex=Terms of Use, idRegex=null, size=null, below=null, above=null, leftOf=null, rightOf=null, containsChild=null, containsDescendants=null, traits=null, index=null, enabled=null, optional=false, selected=null, checked=null, focused=null, childOf=null, css=null), direction=DOWN, scrollDuration=601, visibilityPercentage=100, timeout=20000, waitToSettleTimeoutMs=null, centerElement=false, originalSpeedValue=40, label=null, optional=false).centerElement
15:25:37.770 [ INFO] maestro.orchestra.Orchestra.scrollUntilVisible: visibilityPercentageNormalized: 1.0
15:25:37.789 [ INFO] maestro.Maestro.swipeFromCenter: Swiping UP from center
15:25:40.174 [ INFO] maestro.orchestra.Orchestra.scrollUntilVisible: Scrolling try count: 0, DeviceWidth: 1080, DeviceWidth: 2340
15:25:40.174 [ INFO] maestro.orchestra.Orchestra.scrollUntilVisible: Element bounds: Bounds(x=469, y=2295, width=222, height=0)
15:25:40.174 [ INFO] maestro.orchestra.Orchestra.scrollUntilVisible: Visibility Percent: 0
15:25:40.174 [ INFO] maestro.orchestra.Orchestra.scrollUntilVisible: Command centerElement: ScrollUntilVisibleCommand(selector=ElementSelector(textRegex=Terms of Use, idRegex=null, size=null, below=null, above=null, leftOf=null, rightOf=null, containsChild=null, containsDescendants=null, traits=null, index=null, enabled=null, optional=false, selected=null, checked=null, focused=null, childOf=null, css=null), direction=DOWN, scrollDuration=601, visibilityPercentage=100, timeout=20000, waitToSettleTimeoutMs=null, centerElement=false, originalSpeedValue=40, label=null, optional=false).centerElement
15:25:40.174 [ INFO] maestro.orchestra.Orchestra.scrollUntilVisible: visibilityPercentageNormalized: 1.0
15:25:40.214 [ INFO] maestro.Maestro.swipeFromCenter: Swiping UP from center
15:25:42.689 [ INFO] maestro.orchestra.Orchestra.scrollUntilVisible: Scrolling try count: 0, DeviceWidth: 1080, DeviceWidth: 2340
15:25:42.690 [ INFO] maestro.orchestra.Orchestra.scrollUntilVisible: Element bounds: Bounds(x=469, y=2295, width=222, height=0)
15:25:42.690 [ INFO] maestro.orchestra.Orchestra.scrollUntilVisible: Visibility Percent: 0
15:25:42.690 [ INFO] maestro.orchestra.Orchestra.scrollUntilVisible: Command centerElement: ScrollUntilVisibleCommand(selector=ElementSelector(textRegex=Terms of Use, idRegex=null, size=null, below=null, above=null, leftOf=null, rightOf=null, containsChild=null, containsDescendants=null, traits=null, index=null, enabled=null, optional=false, selected=null, checked=null, focused=null, childOf=null, css=null), direction=DOWN, scrollDuration=601, visibilityPercentage=100, timeout=20000, waitToSettleTimeoutMs=null, centerElement=false, originalSpeedValue=40, label=null, optional=false).centerElement
15:25:42.690 [ INFO] maestro.orchestra.Orchestra.scrollUntilVisible: visibilityPercentageNormalized: 1.0
15:25:42.710 [ INFO] maestro.Maestro.swipeFromCenter: Swiping UP from center
15:25:45.163 [ INFO] maestro.orchestra.Orchestra.scrollUntilVisible: Scrolling try count: 0, DeviceWidth: 1080, DeviceWidth: 2340
15:25:45.163 [ INFO] maestro.orchestra.Orchestra.scrollUntilVisible: Element bounds: Bounds(x=469, y=2128, width=222, height=47)
15:25:45.163 [ INFO] maestro.orchestra.Orchestra.scrollUntilVisible: Visibility Percent: 0
15:25:45.164 [ INFO] maestro.orchestra.Orchestra.scrollUntilVisible: Command centerElement: ScrollUntilVisibleCommand(selector=ElementSelector(textRegex=Terms of Use, idRegex=null, size=null, below=null, above=null, leftOf=null, rightOf=null, containsChild=null, containsDescendants=null, traits=null, index=null, enabled=null, optional=false, selected=null, checked=null, focused=null, childOf=null, css=null), direction=DOWN, scrollDuration=601, visibilityPercentage=100, timeout=20000, waitToSettleTimeoutMs=null, centerElement=false, originalSpeedValue=40, label=null, optional=false).centerElement
15:25:45.164 [ INFO] maestro.orchestra.Orchestra.scrollUntilVisible: visibilityPercentageNormalized: 1.0
15:25:45.164 [ INFO] maestro.cli.runner.MaestroCommandRunner.runCommands$lambda$2: Scrolling DOWN until "Terms of Use" is visible with speed 40, visibility percentage 100%, timeout 20000 ms, with centering disabled COMPLETED
15:25:45.165 [ INFO] maestro.cli.runner.MaestroCommandRunner.runCommands$lambda$0: Tap on "Terms of Use" RUNNING
15:25:45.166 [ INFO] maestro.cli.runner.MaestroCommandRunner.runCommands$lambda$11: Tap on "Terms of Use" metadata CommandMetadata(numberOfRuns=null, evaluatedCommand=MaestroCommand(tapOnElementCommand=TapOnElementCommand(selector=ElementSelector(textRegex=Terms of Use, idRegex=null, size=null, below=null, above=null, leftOf=null, rightOf=null, containsChild=null, containsDescendants=null, traits=null, index=null, enabled=null, optional=false, selected=null, checked=null, focused=null, childOf=null, css=null), retryIfNoChange=false, waitUntilVisible=false, longPress=false, repeat=null, waitToSettleTimeoutMs=null, relativePoint=null, label=null, optional=false)), logMessages=[], insight=Insight(message=, level=NONE), aiReasoning=null, labeledCommand=null)
15:25:45.392 [ INFO] maestro.Maestro.tap-BUbHBYE: Tapping on element:  UiElement(treeNode=TreeNode(attributes={text=Terms of Use, accessibilityText=, hintText=, ignoreBoundsFiltering=false, resource-id=, clickable=false, bounds=[469,2128][691,2175], enabled=true, focused=false, checked=false, scrollable=false, selected=false, class=android.widget.TextView}, children=[], clickable=false, enabled=true, focused=false, checked=false, selected=false), bounds=Bounds(x=469, y=2128, width=222, height=47))
15:25:46.427 [ INFO] maestro.Maestro.tap-BUbHBYE: Refreshed element
15:25:46.427 [ INFO] maestro.Maestro.hierarchyBasedTap-hbl3e4M: Tapping at (580, 2151) using hierarchy based logic for wait
15:25:46.427 [TRACE] maestro.utils.ScreenshotUtils.takeScreenshot: Taking screenshot to byte array
15:25:46.427 [TRACE] maestro.utils.ScreenshotUtils.takeScreenshot: Taking screenshot to output sink
15:25:51.049 [ INFO] maestro.Maestro.hierarchyBasedTap-hbl3e4M: Something have changed in the UI judging by view hierarchy. Proceed.
15:25:51.050 [ INFO] maestro.cli.runner.MaestroCommandRunner.runCommands$lambda$2: Tap on "Terms of Use" COMPLETED
15:25:51.051 [ INFO] maestro.cli.runner.MaestroCommandRunner.runCommands$lambda$0: Assert that "Wikimedia Foundation Terms of Use" is visible RUNNING
15:25:51.051 [ INFO] maestro.cli.runner.MaestroCommandRunner.runCommands$lambda$11: Assert that "Wikimedia Foundation Terms of Use" is visible metadata CommandMetadata(numberOfRuns=null, evaluatedCommand=MaestroCommand(assertConditionCommand=AssertConditionCommand(condition=Condition(platform=null, visible=ElementSelector(textRegex=Wikimedia Foundation Terms of Use, idRegex=null, size=null, below=null, above=null, leftOf=null, rightOf=null, containsChild=null, containsDescendants=null, traits=null, index=null, enabled=null, optional=false, selected=null, checked=null, focused=null, childOf=null, css=null), notVisible=null, scriptCondition=null, label=null), timeout=null, label=null, optional=false)), logMessages=[], insight=Insight(message=, level=NONE), aiReasoning=null, labeledCommand=null)
15:25:51.592 [ INFO] maestro.cli.runner.MaestroCommandRunner.runCommands$lambda$2: Assert that "Wikimedia Foundation Terms of Use" is visible COMPLETED
15:25:51.776 [ INFO] maestro.cli.report.TestDebugReporter.deleteOldFiles: Performing purge of logs older than 14 days from <project_root>/build/maestro-results/.maestro/tests
